# JRE version: Java(TM) SE Runtime Environment (21.0.8+12) (build 21.0.8+12-LTS-250)
# Java VM: Java HotSpot(TM) 64-Bit Server VM (21.0.8+12-LTS-250, mixed mode, sharing, tiered, compressed oops, compressed class ptrs, g1 gc, windows-amd64)
GC Precious Log:
 CardTable entry size: 512
 Card Set container configuration: InlinePtr #cards 4 size 8 Array Of Cards #cards 32 size 80 Howl #buckets 8 coarsen threshold 7372 Howl Bitmap #cards 1024 size 144 coarsen threshold 921 Card regions per heap region 1 cards per card region 8192
 CPUs: 12 total, 12 available
 Memory: 15557M
 Large Page Support: Disabled
 NUMA Support: Disabled
 Compressed Oops: Enabled (Zero based)
 Heap Region Size: 4M
 Heap Min Capacity: 8M
 Heap Initial Capacity: 244M
 Heap Max Capacity: 8G
 Pre-touch: Disabled
 Parallel Workers: 10
 Concurrent Workers: 3
 Concurrent Refinement Workers: 10
 Periodic GC: Disabled
Heap:
 garbage-first heap   total 262144K, used 167620K [0x0000000600000000, 0x0000000800000000)
  region size 4096K, 10 young (40960K), 4 survivors (16384K)
 Metaspace       used 102960K, committed 105472K, reserved 1179648K
  class space    used 14422K, committed 15680K, reserved 1048576K
GC Heap History (20 events):
Event: 23.559 GC heap before
{Heap before GC invocations=31 (full 0):
 garbage-first heap   total 172032K, used 139057K [0x0000000600000000, 0x0000000800000000)
  region size 4096K, 14 young (57344K), 3 survivors (12288K)
 Metaspace       used 81022K, committed 83200K, reserved 1179648K
  class space    used 11289K, committed 12416K, reserved 1048576K
}
Event: 23.564 GC heap after
{Heap after GC invocations=32 (full 0):
 garbage-first heap   total 172032K, used 106200K [0x0000000600000000, 0x0000000800000000)
  region size 4096K, 2 young (8192K), 2 survivors (8192K)
 Metaspace       used 81022K, committed 83200K, reserved 1179648K
  class space    used 11289K, committed 12416K, reserved 1048576K
}
Event: 24.032 GC heap before
{Heap before GC invocations=33 (full 0):
 garbage-first heap   total 192512K, used 147160K [0x0000000600000000, 0x0000000800000000)
  region size 4096K, 12 young (49152K), 2 survivors (8192K)
 Metaspace       used 83569K, committed 85760K, reserved 1179648K
  class space    used 11637K, committed 12736K, reserved 1048576K
}
Event: 24.035 GC heap after
{Heap after GC invocations=34 (full 0):
 garbage-first heap   total 192512K, used 105926K [0x0000000600000000, 0x0000000800000000)
  region size 4096K, 1 young (4096K), 1 survivors (4096K)
 Metaspace       used 83569K, committed 85760K, reserved 1179648K
  class space    used 11637K, committed 12736K, reserved 1048576K
}
Event: 24.638 GC heap before
{Heap before GC invocations=34 (full 0):
 garbage-first heap   total 192512K, used 167366K [0x0000000600000000, 0x0000000800000000)
  region size 4096K, 15 young (61440K), 1 survivors (4096K)
 Metaspace       used 87793K, committed 90048K, reserved 1179648K
  class space    used 12194K, committed 13312K, reserved 1048576K
}
Event: 24.641 GC heap after
{Heap after GC invocations=35 (full 0):
 garbage-first heap   total 192512K, used 111512K [0x0000000600000000, 0x0000000800000000)
  region size 4096K, 2 young (8192K), 2 survivors (8192K)
 Metaspace       used 87793K, committed 90048K, reserved 1179648K
  class space    used 12194K, committed 13312K, reserved 1048576K
}
Event: 24.995 GC heap before
{Heap before GC invocations=35 (full 0):
 garbage-first heap   total 192512K, used 164760K [0x0000000600000000, 0x0000000800000000)
  region size 4096K, 15 young (61440K), 2 survivors (8192K)
 Metaspace       used 88969K, committed 91264K, reserved 1179648K
  class space    used 12351K, committed 13504K, reserved 1048576K
}
Event: 24.999 GC heap after
{Heap after GC invocations=36 (full 0):
 garbage-first heap   total 192512K, used 116777K [0x0000000600000000, 0x0000000800000000)
  region size 4096K, 2 young (8192K), 2 survivors (8192K)
 Metaspace       used 88969K, committed 91264K, reserved 1179648K
  class space    used 12351K, committed 13504K, reserved 1048576K
}
Event: 25.383 GC heap before
{Heap before GC invocations=37 (full 0):
 garbage-first heap   total 212992K, used 165929K [0x0000000600000000, 0x0000000800000000)
  region size 4096K, 14 young (57344K), 2 survivors (8192K)
 Metaspace       used 91998K, committed 94336K, reserved 1179648K
  class space    used 12774K, committed 13952K, reserved 1048576K
}
Event: 25.386 GC heap after
{Heap after GC invocations=38 (full 0):
 garbage-first heap   total 212992K, used 117631K [0x0000000600000000, 0x0000000800000000)
  region size 4096K, 1 young (4096K), 1 survivors (4096K)
 Metaspace       used 91998K, committed 94336K, reserved 1179648K
  class space    used 12774K, committed 13952K, reserved 1048576K
}
Event: 25.975 GC heap before
{Heap before GC invocations=38 (full 0):
 garbage-first heap   total 212992K, used 187263K [0x0000000600000000, 0x0000000800000000)
  region size 4096K, 18 young (73728K), 1 survivors (4096K)
 Metaspace       used 97336K, committed 99712K, reserved 1179648K
  class space    used 13638K, committed 14848K, reserved 1048576K
}
Event: 25.978 GC heap after
{Heap after GC invocations=39 (full 0):
 garbage-first heap   total 212992K, used 118077K [0x0000000600000000, 0x0000000800000000)
  region size 4096K, 2 young (8192K), 2 survivors (8192K)
 Metaspace       used 97336K, committed 99712K, reserved 1179648K
  class space    used 13638K, committed 14848K, reserved 1048576K
}
Event: 26.500 GC heap before
{Heap before GC invocations=39 (full 0):
 garbage-first heap   total 212992K, used 183613K [0x0000000600000000, 0x0000000800000000)
  region size 4096K, 18 young (73728K), 2 survivors (8192K)
 Metaspace       used 100870K, committed 103360K, reserved 1179648K
  class space    used 14106K, committed 15360K, reserved 1048576K
}
Event: 26.504 GC heap after
{Heap after GC invocations=40 (full 0):
 garbage-first heap   total 258048K, used 120874K [0x0000000600000000, 0x0000000800000000)
  region size 4096K, 2 young (8192K), 2 survivors (8192K)
 Metaspace       used 100870K, committed 103360K, reserved 1179648K
  class space    used 14106K, committed 15360K, reserved 1048576K
}
Event: 26.971 GC heap before
{Heap before GC invocations=41 (full 0):
 garbage-first heap   total 258048K, used 223274K [0x0000000600000000, 0x0000000800000000)
  region size 4096K, 28 young (114688K), 2 survivors (8192K)
 Metaspace       used 101379K, committed 103872K, reserved 1179648K
  class space    used 14152K, committed 15424K, reserved 1048576K
}
Event: 26.979 GC heap after
{Heap after GC invocations=42 (full 0):
 garbage-first heap   total 258048K, used 129221K [0x0000000600000000, 0x0000000800000000)
  region size 4096K, 4 young (16384K), 4 survivors (16384K)
 Metaspace       used 101379K, committed 103872K, reserved 1179648K
  class space    used 14152K, committed 15424K, reserved 1048576K
}
Event: 27.329 GC heap before
{Heap before GC invocations=42 (full 0):
 garbage-first heap   total 258048K, used 219333K [0x0000000600000000, 0x0000000800000000)
  region size 4096K, 27 young (110592K), 4 survivors (16384K)
 Metaspace       used 101703K, committed 104128K, reserved 1179648K
  class space    used 14208K, committed 15424K, reserved 1048576K
}
Event: 27.335 GC heap after
{Heap after GC invocations=43 (full 0):
 garbage-first heap   total 258048K, used 131697K [0x0000000600000000, 0x0000000800000000)
  region size 4096K, 2 young (8192K), 2 survivors (8192K)
 Metaspace       used 101703K, committed 104128K, reserved 1179648K
  class space    used 14208K, committed 15424K, reserved 1048576K
}
Event: 28.952 GC heap before
{Heap before GC invocations=43 (full 0):
 garbage-first heap   total 258048K, used 230001K [0x0000000600000000, 0x0000000800000000)
  region size 4096K, 26 young (106496K), 2 survivors (8192K)
 Metaspace       used 102960K, committed 105472K, reserved 1179648K
  class space    used 14422K, committed 15680K, reserved 1048576K
}
Event: 28.959 GC heap after
{Heap after GC invocations=44 (full 0):
 garbage-first heap   total 258048K, used 147140K [0x0000000600000000, 0x0000000800000000)
  region size 4096K, 4 young (16384K), 4 survivors (16384K)
 Metaspace       used 102960K, committed 105472K, reserved 1179648K
  class space    used 14422K, committed 15680K, reserved 1048576K
}

